127.0.0.1:33144 - - [11/Mar/2025:13:11:21] "GET /pong/?room_id=7b84ae3d-64b2-44db-91d9-2bd2ce6093e4" 200 10408
127.0.0.1:33144 - - [11/Mar/2025:13:11:21] "GET /static/js/pong.js" 304 -
127.0.0.1:33144 - - [11/Mar/2025:13:11:21] "GET /static/js/pong-online.js" 304 -
127.0.0.1:33144 - - [11/Mar/2025:13:11:21] "GET /static/favicon.ico" 304 -
127.0.0.1:33170 - - [11/Mar/2025:13:11:21] "GET /pong/?room_id=7b84ae3d-64b2-44db-91d9-2bd2ce6093e4" 200 10435
127.0.0.1:33170 - - [11/Mar/2025:13:11:21] "GET /static/js/pong.js" 304 -
127.0.0.1:33170 - - [11/Mar/2025:13:11:21] "GET /static/js/pong-online.js" 304 -
127.0.0.1:33170 - - [11/Mar/2025:13:11:22] "GET /static/favicon.ico" 304 -
127.0.0.1:33184 - - [11/Mar/2025:13:11:22] "WSCONNECTING /ws/pong/" - -
[DEBUG] Nueva conexión WebSocket.
[DEBUG] Scope: {'type': 'websocket', 'path': '/ws/pong/', 'raw_path': b'/ws/pong/', 'root_path': '', 'headers': [(b'host', b'127.0.0.1:8000'), (b'connection', b'Upgrade'), (b'pragma', b'no-cache'), (b'cache-control', b'no-cache'), (b'user-agent', b'Mozilla/5.0 (X11; Linux x86_64) AppleWebKit/537.36 (KHTML, like Gecko) Chrome/133.0.0.0 Safari/537.36'), (b'upgrade', b'websocket'), (b'origin', b'http://127.0.0.1:8000'), (b'sec-websocket-version', b'13'), (b'accept-encoding', b'gzip, deflate, br, zstd'), (b'accept-language', b'es-ES,es;q=0.9'), (b'cookie', b'sessionid=ac37yl74bks74gjmtabgl1m840nej002'), (b'sec-websocket-key', b'Y2/ht6XVAfyNtftdVS8Lgw=='), (b'sec-websocket-extensions', b'permessage-deflate; client_max_window_bits')], 'query_string': b'', 'client': ['127.0.0.1', 33184], 'server': ['127.0.0.1', 8000], 'subprotocols': [], 'asgi': {'version': '3.0'}, 'cookies': {'sessionid': 'ac37yl74bks74gjmtabgl1m840nej002'}, 'session': <django.utils.functional.LazyObject object at 0x757226c64440>, 'user': <channels.auth.UserLazyObject object at 0x757226c65be0>, 'path_remaining': '', 'url_route': {'args': (), 'kwargs': {}}}
[DEBUG] Usuario autenticado correctamente: 2
127.0.0.1:33184 - - [11/Mar/2025:13:11:23] "WSCONNECT /ws/pong/" - -
[DEBUG] Registrando conexión para el usuario 2
[DEBUG] Jugador 2 añadido a la cola. Jugadores en espera: [2]
[DEBUG] Jugador 2 en espera.
[DEBUG] Mensaje recibido: {"type":"join_queue","room_id":null,"user_id":999999}
127.0.0.1:33204 - - [11/Mar/2025:13:11:24] "WSCONNECTING /ws/pong/" - -
[DEBUG] Nueva conexión WebSocket.
[DEBUG] Scope: {'type': 'websocket', 'path': '/ws/pong/', 'raw_path': b'/ws/pong/', 'root_path': '', 'headers': [(b'host', b'127.0.0.1:8000'), (b'connection', b'Upgrade'), (b'pragma', b'no-cache'), (b'cache-control', b'no-cache'), (b'user-agent', b'Mozilla/5.0 (X11; Linux x86_64) AppleWebKit/537.36 (KHTML, like Gecko) Chrome/133.0.0.0 Safari/537.36'), (b'upgrade', b'websocket'), (b'origin', b'http://127.0.0.1:8000'), (b'sec-websocket-version', b'13'), (b'accept-encoding', b'gzip, deflate, br, zstd'), (b'accept-language', b'es-ES,es;q=0.9,it;q=0.8'), (b'cookie', b'csrftoken=nu7pxEdfhXUtbMV09kWxam8ymtyUR8rU; sessionid=eems2fz4ipr1k9fwrxtr9al1k0h7yom9'), (b'sec-websocket-key', b'9ycZrWT24keMzwH4BJPygA=='), (b'sec-websocket-extensions', b'permessage-deflate; client_max_window_bits')], 'query_string': b'', 'client': ['127.0.0.1', 33204], 'server': ['127.0.0.1', 8000], 'subprotocols': [], 'asgi': {'version': '3.0'}, 'cookies': {'csrftoken': 'nu7pxEdfhXUtbMV09kWxam8ymtyUR8rU', 'sessionid': 'eems2fz4ipr1k9fwrxtr9al1k0h7yom9'}, 'session': <django.utils.functional.LazyObject object at 0x7572267f0410>, 'user': <channels.auth.UserLazyObject object at 0x7572267f0550>, 'path_remaining': '', 'url_route': {'args': (), 'kwargs': {}}}
[DEBUG] Usuario autenticado correctamente: 1
127.0.0.1:33204 - - [11/Mar/2025:13:11:24] "WSCONNECT /ws/pong/" - -
[DEBUG] Registrando conexión para el usuario 1
[DEBUG] Jugador 1 añadido a la cola. Jugadores en espera: [2, 1]
[DEBUG] Jugador 1 en espera.
[DEBUG] Emparejando jugadores: 2 vs 1
[DEBUG] Creando partida entre 2 y 1.
[DEBUG] Partida creada con room_id: 0f697ea5-7f96-4203-85e2-dd629031d5ff
[DEBUG] Ambos jugadores añadidos al grupo 0f697ea5-7f96-4203-85e2-dd629031d5ff
[DEBUG] Notificando a los jugadores que la partida ha comenzado. Room ID: 0f697ea5-7f96-4203-85e2-dd629031d5ff
[DEBUG] Consumer session_129133137256736 enviando mensaje 'game_start' para usuario 2
[DEBUG] Consumer session_129133132580496 enviando mensaje 'game_start' para usuario 1
127.0.0.1:33144 - - [11/Mar/2025:13:11:24] "GET /static/favicon.ico" 304 -
[DEBUG] Mensaje recibido: {"type":"join_queue","room_id":"0f697ea5-7f96-4203-85e2-dd629031d5ff","user_id":999999}
[DEBUG] Mensaje recibido: {"action":"move_paddle","room_id":"0f697ea5-7f96-4203-85e2-dd629031d5ff","player":"player2","paddle_position":0.475}
[DEBUG] Enviando actualización de paleta: {'type': 'update_paddle', 'player': 'player2', 'paddle_position': 0.475}
[DEBUG] Enviando actualización de paleta: {'type': 'update_paddle', 'player': 'player2', 'paddle_position': 0.475}
[DEBUG] Mensaje recibido: {"action":"move_paddle","room_id":"0f697ea5-7f96-4203-85e2-dd629031d5ff","player":"player2","paddle_position":0.3999999999999999}
[DEBUG] Enviando actualización de paleta: {'type': 'update_paddle', 'player': 'player2', 'paddle_position': 0.3999999999999999}
[DEBUG] Enviando actualización de paleta: {'type': 'update_paddle', 'player': 'player2', 'paddle_position': 0.3999999999999999}
[DEBUG] Mensaje recibido: {"action":"move_paddle","room_id":"0f697ea5-7f96-4203-85e2-dd629031d5ff","player":"player2","paddle_position":0.32499999999999984}
[DEBUG] Enviando actualización de paleta: {'type': 'update_paddle', 'player': 'player2', 'paddle_position': 0.32499999999999984}
[DEBUG] Enviando actualización de paleta: {'type': 'update_paddle', 'player': 'player2', 'paddle_position': 0.32499999999999984}
[DEBUG] Mensaje recibido: {"action":"move_paddle","room_id":"0f697ea5-7f96-4203-85e2-dd629031d5ff","player":"player2","paddle_position":0.2499999999999998}
[DEBUG] Enviando actualización de paleta: {'type': 'update_paddle', 'player': 'player2', 'paddle_position': 0.2499999999999998}
[DEBUG] Enviando actualización de paleta: {'type': 'update_paddle', 'player': 'player2', 'paddle_position': 0.2499999999999998}
[DEBUG] Mensaje recibido: {"action":"move_paddle","room_id":"0f697ea5-7f96-4203-85e2-dd629031d5ff","player":"player2","paddle_position":0.17499999999999982}
[DEBUG] Enviando actualización de paleta: {'type': 'update_paddle', 'player': 'player2', 'paddle_position': 0.17499999999999982}
[DEBUG] Enviando actualización de paleta: {'type': 'update_paddle', 'player': 'player2', 'paddle_position': 0.17499999999999982}
[DEBUG] Mensaje recibido: {"action":"move_paddle","room_id":"0f697ea5-7f96-4203-85e2-dd629031d5ff","player":"player2","paddle_position":0.09999999999999984}
[DEBUG] Enviando actualización de paleta: {'type': 'update_paddle', 'player': 'player2', 'paddle_position': 0.09999999999999984}
[DEBUG] Enviando actualización de paleta: {'type': 'update_paddle', 'player': 'player2', 'paddle_position': 0.09999999999999984}
[DEBUG] Mensaje recibido: {"action":"move_paddle","room_id":"0f697ea5-7f96-4203-85e2-dd629031d5ff","player":"player2","paddle_position":0.024999999999999842}
[DEBUG] Enviando actualización de paleta: {'type': 'update_paddle', 'player': 'player2', 'paddle_position': 0.024999999999999842}
[DEBUG] Enviando actualización de paleta: {'type': 'update_paddle', 'player': 'player2', 'paddle_position': 0.024999999999999842}
[DEBUG] Mensaje recibido: {"action":"move_paddle","room_id":"0f697ea5-7f96-4203-85e2-dd629031d5ff","player":"player2","paddle_position":0.04999999999999984}
[DEBUG] Enviando actualización de paleta: {'type': 'update_paddle', 'player': 'player2', 'paddle_position': 0.04999999999999984}
[DEBUG] Enviando actualización de paleta: {'type': 'update_paddle', 'player': 'player2', 'paddle_position': 0.04999999999999984}
[DEBUG] Mensaje recibido: {"action":"move_paddle","room_id":"0f697ea5-7f96-4203-85e2-dd629031d5ff","player":"player2","paddle_position":0.12499999999999983}
[DEBUG] Enviando actualización de paleta: {'type': 'update_paddle', 'player': 'player2', 'paddle_position': 0.12499999999999983}
[DEBUG] Enviando actualización de paleta: {'type': 'update_paddle', 'player': 'player2', 'paddle_position': 0.12499999999999983}
[DEBUG] Mensaje recibido: {"action":"move_paddle","room_id":"0f697ea5-7f96-4203-85e2-dd629031d5ff","player":"player2","paddle_position":0.19999999999999982}
[DEBUG] Enviando actualización de paleta: {'type': 'update_paddle', 'player': 'player2', 'paddle_position': 0.19999999999999982}
[DEBUG] Enviando actualización de paleta: {'type': 'update_paddle', 'player': 'player2', 'paddle_position': 0.19999999999999982}
[DEBUG] Mensaje recibido: {"action":"move_paddle","room_id":"0f697ea5-7f96-4203-85e2-dd629031d5ff","player":"player2","paddle_position":0.2749999999999998}
[DEBUG] Enviando actualización de paleta: {'type': 'update_paddle', 'player': 'player2', 'paddle_position': 0.2749999999999998}
[DEBUG] Enviando actualización de paleta: {'type': 'update_paddle', 'player': 'player2', 'paddle_position': 0.2749999999999998}
[DEBUG] Mensaje recibido: {"action":"move_paddle","room_id":"0f697ea5-7f96-4203-85e2-dd629031d5ff","player":"player2","paddle_position":0.34999999999999987}
[DEBUG] Enviando actualización de paleta: {'type': 'update_paddle', 'player': 'player2', 'paddle_position': 0.34999999999999987}
[DEBUG] Enviando actualización de paleta: {'type': 'update_paddle', 'player': 'player2', 'paddle_position': 0.34999999999999987}
[DEBUG] Mensaje recibido: {"action":"move_paddle","room_id":"0f697ea5-7f96-4203-85e2-dd629031d5ff","player":"player2","paddle_position":0.42499999999999993}
[DEBUG] Enviando actualización de paleta: {'type': 'update_paddle', 'player': 'player2', 'paddle_position': 0.42499999999999993}
[DEBUG] Enviando actualización de paleta: {'type': 'update_paddle', 'player': 'player2', 'paddle_position': 0.42499999999999993}
[DEBUG] Mensaje recibido: {"action":"move_paddle","room_id":"0f697ea5-7f96-4203-85e2-dd629031d5ff","player":"player2","paddle_position":0.5}
[DEBUG] Enviando actualización de paleta: {'type': 'update_paddle', 'player': 'player2', 'paddle_position': 0.5}
[DEBUG] Enviando actualización de paleta: {'type': 'update_paddle', 'player': 'player2', 'paddle_position': 0.5}
[DEBUG] Mensaje recibido: {"action":"move_paddle","room_id":"0f697ea5-7f96-4203-85e2-dd629031d5ff","player":"player2","paddle_position":0.5750000000000001}
[DEBUG] Enviando actualización de paleta: {'type': 'update_paddle', 'player': 'player2', 'paddle_position': 0.5750000000000001}
[DEBUG] Enviando actualización de paleta: {'type': 'update_paddle', 'player': 'player2', 'paddle_position': 0.5750000000000001}
[DEBUG] Mensaje recibido: {"action":"move_paddle","room_id":"0f697ea5-7f96-4203-85e2-dd629031d5ff","player":"player2","paddle_position":0.6500000000000001}
[DEBUG] Enviando actualización de paleta: {'type': 'update_paddle', 'player': 'player2', 'paddle_position': 0.6500000000000001}
[DEBUG] Enviando actualización de paleta: {'type': 'update_paddle', 'player': 'player2', 'paddle_position': 0.6500000000000001}
[DEBUG] Mensaje recibido: {"action":"move_paddle","room_id":"0f697ea5-7f96-4203-85e2-dd629031d5ff","player":"player2","paddle_position":0.7250000000000002}
[DEBUG] Enviando actualización de paleta: {'type': 'update_paddle', 'player': 'player2', 'paddle_position': 0.7250000000000002}
[DEBUG] Enviando actualización de paleta: {'type': 'update_paddle', 'player': 'player2', 'paddle_position': 0.7250000000000002}
[DEBUG] Mensaje recibido: {"action":"move_paddle","room_id":"0f697ea5-7f96-4203-85e2-dd629031d5ff","player":"player2","paddle_position":0.8000000000000003}
[DEBUG] Enviando actualización de paleta: {'type': 'update_paddle', 'player': 'player2', 'paddle_position': 0.8000000000000003}
[DEBUG] Enviando actualización de paleta: {'type': 'update_paddle', 'player': 'player2', 'paddle_position': 0.8000000000000003}
[DEBUG] Mensaje recibido: {"action":"move_paddle","room_id":"0f697ea5-7f96-4203-85e2-dd629031d5ff","player":"player2","paddle_position":0.8750000000000003}
[DEBUG] Enviando actualización de paleta: {'type': 'update_paddle', 'player': 'player2', 'paddle_position': 0.8750000000000003}
[DEBUG] Enviando actualización de paleta: {'type': 'update_paddle', 'player': 'player2', 'paddle_position': 0.8750000000000003}
[DEBUG] Mensaje recibido: {"action":"move_paddle","room_id":"0f697ea5-7f96-4203-85e2-dd629031d5ff","player":"player2","paddle_position":0.9500000000000004}
[DEBUG] Enviando actualización de paleta: {'type': 'update_paddle', 'player': 'player2', 'paddle_position': 0.9500000000000004}
[DEBUG] Enviando actualización de paleta: {'type': 'update_paddle', 'player': 'player2', 'paddle_position': 0.9500000000000004}
[DEBUG] Mensaje recibido: {"action":"move_paddle","room_id":"0f697ea5-7f96-4203-85e2-dd629031d5ff","player":"player2","paddle_position":0.9250000000000004}
[DEBUG] Enviando actualización de paleta: {'type': 'update_paddle', 'player': 'player2', 'paddle_position': 0.9250000000000004}
[DEBUG] Enviando actualización de paleta: {'type': 'update_paddle', 'player': 'player2', 'paddle_position': 0.9250000000000004}
[DEBUG] Mensaje recibido: {"action":"move_paddle","room_id":"0f697ea5-7f96-4203-85e2-dd629031d5ff","player":"player2","paddle_position":0.8500000000000003}
[DEBUG] Enviando actualización de paleta: {'type': 'update_paddle', 'player': 'player2', 'paddle_position': 0.8500000000000003}
[DEBUG] Enviando actualización de paleta: {'type': 'update_paddle', 'player': 'player2', 'paddle_position': 0.8500000000000003}
[DEBUG] Mensaje recibido: {"action":"move_paddle","room_id":"0f697ea5-7f96-4203-85e2-dd629031d5ff","player":"player2","paddle_position":0.7750000000000002}
[DEBUG] Enviando actualización de paleta: {'type': 'update_paddle', 'player': 'player2', 'paddle_position': 0.7750000000000002}
[DEBUG] Enviando actualización de paleta: {'type': 'update_paddle', 'player': 'player2', 'paddle_position': 0.7750000000000002}
[DEBUG] Mensaje recibido: {"action":"move_paddle","room_id":"0f697ea5-7f96-4203-85e2-dd629031d5ff","player":"player2","paddle_position":0.7000000000000002}
[DEBUG] Enviando actualización de paleta: {'type': 'update_paddle', 'player': 'player2', 'paddle_position': 0.7000000000000002}
[DEBUG] Enviando actualización de paleta: {'type': 'update_paddle', 'player': 'player2', 'paddle_position': 0.7000000000000002}
[DEBUG] Mensaje recibido: {"action":"move_paddle","room_id":"0f697ea5-7f96-4203-85e2-dd629031d5ff","player":"player2","paddle_position":0.6250000000000001}
[DEBUG] Enviando actualización de paleta: {'type': 'update_paddle', 'player': 'player2', 'paddle_position': 0.6250000000000001}
[DEBUG] Enviando actualización de paleta: {'type': 'update_paddle', 'player': 'player2', 'paddle_position': 0.6250000000000001}
[DEBUG] Mensaje recibido: {"action":"move_paddle","room_id":"0f697ea5-7f96-4203-85e2-dd629031d5ff","player":"player2","paddle_position":0.55}
[DEBUG] Enviando actualización de paleta: {'type': 'update_paddle', 'player': 'player2', 'paddle_position': 0.55}
[DEBUG] Enviando actualización de paleta: {'type': 'update_paddle', 'player': 'player2', 'paddle_position': 0.55}
[DEBUG] Mensaje recibido: {"action":"move_paddle","room_id":"0f697ea5-7f96-4203-85e2-dd629031d5ff","player":"player2","paddle_position":0.475}
[DEBUG] Enviando actualización de paleta: {'type': 'update_paddle', 'player': 'player2', 'paddle_position': 0.475}
[DEBUG] Enviando actualización de paleta: {'type': 'update_paddle', 'player': 'player2', 'paddle_position': 0.475}
[DEBUG] Mensaje recibido: {"action":"move_paddle","room_id":"0f697ea5-7f96-4203-85e2-dd629031d5ff","player":"player2","paddle_position":0.3999999999999999}
[DEBUG] Enviando actualización de paleta: {'type': 'update_paddle', 'player': 'player2', 'paddle_position': 0.3999999999999999}
[DEBUG] Enviando actualización de paleta: {'type': 'update_paddle', 'player': 'player2', 'paddle_position': 0.3999999999999999}
[DEBUG] Mensaje recibido: {"action":"move_paddle","room_id":"0f697ea5-7f96-4203-85e2-dd629031d5ff","player":"player2","paddle_position":0.32499999999999984}
[DEBUG] Enviando actualización de paleta: {'type': 'update_paddle', 'player': 'player2', 'paddle_position': 0.32499999999999984}
[DEBUG] Enviando actualización de paleta: {'type': 'update_paddle', 'player': 'player2', 'paddle_position': 0.32499999999999984}
[DEBUG] Mensaje recibido: {"action":"move_paddle","room_id":"0f697ea5-7f96-4203-85e2-dd629031d5ff","player":"player2","paddle_position":0.2499999999999998}
[DEBUG] Enviando actualización de paleta: {'type': 'update_paddle', 'player': 'player2', 'paddle_position': 0.2499999999999998}
[DEBUG] Enviando actualización de paleta: {'type': 'update_paddle', 'player': 'player2', 'paddle_position': 0.2499999999999998}
[DEBUG] Mensaje recibido: {"action":"move_paddle","room_id":"0f697ea5-7f96-4203-85e2-dd629031d5ff","player":"player2","paddle_position":0.17499999999999982}
[DEBUG] Enviando actualización de paleta: {'type': 'update_paddle', 'player': 'player2', 'paddle_position': 0.17499999999999982}
[DEBUG] Enviando actualización de paleta: {'type': 'update_paddle', 'player': 'player2', 'paddle_position': 0.17499999999999982}
[DEBUG] Mensaje recibido: {"action":"move_paddle","room_id":"0f697ea5-7f96-4203-85e2-dd629031d5ff","player":"player2","paddle_position":0.09999999999999984}
[DEBUG] Enviando actualización de paleta: {'type': 'update_paddle', 'player': 'player2', 'paddle_position': 0.09999999999999984}
[DEBUG] Enviando actualización de paleta: {'type': 'update_paddle', 'player': 'player2', 'paddle_position': 0.09999999999999984}
[DEBUG] Mensaje recibido: {"action":"move_paddle","room_id":"0f697ea5-7f96-4203-85e2-dd629031d5ff","player":"player2","paddle_position":0.07499999999999984}
[DEBUG] Enviando actualización de paleta: {'type': 'update_paddle', 'player': 'player2', 'paddle_position': 0.07499999999999984}
[DEBUG] Enviando actualización de paleta: {'type': 'update_paddle', 'player': 'player2', 'paddle_position': 0.07499999999999984}
[DEBUG] Mensaje recibido: {"action":"move_paddle","room_id":"0f697ea5-7f96-4203-85e2-dd629031d5ff","player":"player2","paddle_position":0.14999999999999983}
[DEBUG] Enviando actualización de paleta: {'type': 'update_paddle', 'player': 'player2', 'paddle_position': 0.14999999999999983}
[DEBUG] Enviando actualización de paleta: {'type': 'update_paddle', 'player': 'player2', 'paddle_position': 0.14999999999999983}
[DEBUG] Mensaje recibido: {"action":"move_paddle","room_id":"0f697ea5-7f96-4203-85e2-dd629031d5ff","player":"player2","paddle_position":0.2249999999999998}
[DEBUG] Enviando actualización de paleta: {'type': 'update_paddle', 'player': 'player2', 'paddle_position': 0.2249999999999998}
[DEBUG] Enviando actualización de paleta: {'type': 'update_paddle', 'player': 'player2', 'paddle_position': 0.2249999999999998}
[DEBUG] Mensaje recibido: {"action":"move_paddle","room_id":"0f697ea5-7f96-4203-85e2-dd629031d5ff","player":"player2","paddle_position":0.2999999999999998}
[DEBUG] Enviando actualización de paleta: {'type': 'update_paddle', 'player': 'player2', 'paddle_position': 0.2999999999999998}
[DEBUG] Enviando actualización de paleta: {'type': 'update_paddle', 'player': 'player2', 'paddle_position': 0.2999999999999998}
[DEBUG] Mensaje recibido: {"action":"move_paddle","room_id":"0f697ea5-7f96-4203-85e2-dd629031d5ff","player":"player2","paddle_position":0.3749999999999999}
[DEBUG] Enviando actualización de paleta: {'type': 'update_paddle', 'player': 'player2', 'paddle_position': 0.3749999999999999}
[DEBUG] Enviando actualización de paleta: {'type': 'update_paddle', 'player': 'player2', 'paddle_position': 0.3749999999999999}
[DEBUG] Mensaje recibido: {"action":"move_paddle","room_id":"0f697ea5-7f96-4203-85e2-dd629031d5ff","player":"player2","paddle_position":0.44999999999999996}
[DEBUG] Enviando actualización de paleta: {'type': 'update_paddle', 'player': 'player2', 'paddle_position': 0.44999999999999996}
[DEBUG] Enviando actualización de paleta: {'type': 'update_paddle', 'player': 'player2', 'paddle_position': 0.44999999999999996}
[DEBUG] Mensaje recibido: {"action":"move_paddle","room_id":"0f697ea5-7f96-4203-85e2-dd629031d5ff","player":"player2","paddle_position":0.525}
[DEBUG] Enviando actualización de paleta: {'type': 'update_paddle', 'player': 'player2', 'paddle_position': 0.525}
[DEBUG] Enviando actualización de paleta: {'type': 'update_paddle', 'player': 'player2', 'paddle_position': 0.525}
[DEBUG] Mensaje recibido: {"action":"move_paddle","room_id":"0f697ea5-7f96-4203-85e2-dd629031d5ff","player":"player2","paddle_position":0.6000000000000001}
[DEBUG] Enviando actualización de paleta: {'type': 'update_paddle', 'player': 'player2', 'paddle_position': 0.6000000000000001}
[DEBUG] Enviando actualización de paleta: {'type': 'update_paddle', 'player': 'player2', 'paddle_position': 0.6000000000000001}
[DEBUG] Mensaje recibido: {"action":"move_paddle","room_id":"0f697ea5-7f96-4203-85e2-dd629031d5ff","player":"player2","paddle_position":0.6750000000000002}
[DEBUG] Enviando actualización de paleta: {'type': 'update_paddle', 'player': 'player2', 'paddle_position': 0.6750000000000002}
[DEBUG] Enviando actualización de paleta: {'type': 'update_paddle', 'player': 'player2', 'paddle_position': 0.6750000000000002}
[DEBUG] Mensaje recibido: {"action":"move_paddle","room_id":"0f697ea5-7f96-4203-85e2-dd629031d5ff","player":"player2","paddle_position":0.7500000000000002}
[DEBUG] Enviando actualización de paleta: {'type': 'update_paddle', 'player': 'player2', 'paddle_position': 0.7500000000000002}
[DEBUG] Enviando actualización de paleta: {'type': 'update_paddle', 'player': 'player2', 'paddle_position': 0.7500000000000002}
[DEBUG] Mensaje recibido: {"action":"move_paddle","room_id":"0f697ea5-7f96-4203-85e2-dd629031d5ff","player":"player2","paddle_position":0.8250000000000003}
[DEBUG] Enviando actualización de paleta: {'type': 'update_paddle', 'player': 'player2', 'paddle_position': 0.8250000000000003}
[DEBUG] Enviando actualización de paleta: {'type': 'update_paddle', 'player': 'player2', 'paddle_position': 0.8250000000000003}
[DEBUG] Mensaje recibido: {"action":"move_paddle","room_id":"0f697ea5-7f96-4203-85e2-dd629031d5ff","player":"player2","paddle_position":0.9000000000000004}
[DEBUG] Enviando actualización de paleta: {'type': 'update_paddle', 'player': 'player2', 'paddle_position': 0.9000000000000004}
[DEBUG] Enviando actualización de paleta: {'type': 'update_paddle', 'player': 'player2', 'paddle_position': 0.9000000000000004}
[DEBUG] Mensaje recibido: {"action":"move_paddle","room_id":"0f697ea5-7f96-4203-85e2-dd629031d5ff","player":"player2","paddle_position":0.9750000000000004}
[DEBUG] Enviando actualización de paleta: {'type': 'update_paddle', 'player': 'player2', 'paddle_position': 0.9750000000000004}
[DEBUG] Enviando actualización de paleta: {'type': 'update_paddle', 'player': 'player2', 'paddle_position': 0.9750000000000004}
[DEBUG] Mensaje recibido: {"action":"move_paddle","room_id":"0f697ea5-7f96-4203-85e2-dd629031d5ff","player":"player2","paddle_position":0.975}
[DEBUG] Enviando actualización de paleta: {'type': 'update_paddle', 'player': 'player2', 'paddle_position': 0.975}
[DEBUG] Enviando actualización de paleta: {'type': 'update_paddle', 'player': 'player2', 'paddle_position': 0.975}
[DEBUG] Mensaje recibido: {"action":"move_paddle","room_id":"0f697ea5-7f96-4203-85e2-dd629031d5ff","player":"player2","paddle_position":0.8999999999999999}
[DEBUG] Enviando actualización de paleta: {'type': 'update_paddle', 'player': 'player2', 'paddle_position': 0.8999999999999999}
[DEBUG] Enviando actualización de paleta: {'type': 'update_paddle', 'player': 'player2', 'paddle_position': 0.8999999999999999}
[DEBUG] Mensaje recibido: {"action":"move_paddle","room_id":"0f697ea5-7f96-4203-85e2-dd629031d5ff","player":"player2","paddle_position":0.8249999999999998}
[DEBUG] Enviando actualización de paleta: {'type': 'update_paddle', 'player': 'player2', 'paddle_position': 0.8249999999999998}
[DEBUG] Enviando actualización de paleta: {'type': 'update_paddle', 'player': 'player2', 'paddle_position': 0.8249999999999998}
[DEBUG] Mensaje recibido: {"action":"move_paddle","room_id":"0f697ea5-7f96-4203-85e2-dd629031d5ff","player":"player2","paddle_position":0.7499999999999998}
[DEBUG] Enviando actualización de paleta: {'type': 'update_paddle', 'player': 'player2', 'paddle_position': 0.7499999999999998}
[DEBUG] Enviando actualización de paleta: {'type': 'update_paddle', 'player': 'player2', 'paddle_position': 0.7499999999999998}
[DEBUG] Mensaje recibido: {"action":"move_paddle","room_id":"0f697ea5-7f96-4203-85e2-dd629031d5ff","player":"player2","paddle_position":0.6749999999999997}
[DEBUG] Enviando actualización de paleta: {'type': 'update_paddle', 'player': 'player2', 'paddle_position': 0.6749999999999997}
[DEBUG] Enviando actualización de paleta: {'type': 'update_paddle', 'player': 'player2', 'paddle_position': 0.6749999999999997}
[DEBUG] Mensaje recibido: {"action":"move_paddle","room_id":"0f697ea5-7f96-4203-85e2-dd629031d5ff","player":"player2","paddle_position":0.5999999999999996}
[DEBUG] Enviando actualización de paleta: {'type': 'update_paddle', 'player': 'player2', 'paddle_position': 0.5999999999999996}
[DEBUG] Enviando actualización de paleta: {'type': 'update_paddle', 'player': 'player2', 'paddle_position': 0.5999999999999996}
[DEBUG] Mensaje recibido: {"action":"move_paddle","room_id":"0f697ea5-7f96-4203-85e2-dd629031d5ff","player":"player2","paddle_position":0.5249999999999996}
[DEBUG] Enviando actualización de paleta: {'type': 'update_paddle', 'player': 'player2', 'paddle_position': 0.5249999999999996}
[DEBUG] Enviando actualización de paleta: {'type': 'update_paddle', 'player': 'player2', 'paddle_position': 0.5249999999999996}
[DEBUG] Mensaje recibido: {"action":"move_paddle","room_id":"0f697ea5-7f96-4203-85e2-dd629031d5ff","player":"player2","paddle_position":0.5249999999999996}
[DEBUG] Enviando actualización de paleta: {'type': 'update_paddle', 'player': 'player2', 'paddle_position': 0.5249999999999996}
[DEBUG] Enviando actualización de paleta: {'type': 'update_paddle', 'player': 'player2', 'paddle_position': 0.5249999999999996}
[DEBUG] Mensaje recibido: {"action":"move_paddle","room_id":"0f697ea5-7f96-4203-85e2-dd629031d5ff","player":"player2","paddle_position":0.5999999999999996}
[DEBUG] Enviando actualización de paleta: {'type': 'update_paddle', 'player': 'player2', 'paddle_position': 0.5999999999999996}
[DEBUG] Enviando actualización de paleta: {'type': 'update_paddle', 'player': 'player2', 'paddle_position': 0.5999999999999996}
[DEBUG] Mensaje recibido: {"action":"move_paddle","room_id":"0f697ea5-7f96-4203-85e2-dd629031d5ff","player":"player2","paddle_position":0.6749999999999997}
[DEBUG] Enviando actualización de paleta: {'type': 'update_paddle', 'player': 'player2', 'paddle_position': 0.6749999999999997}
[DEBUG] Enviando actualización de paleta: {'type': 'update_paddle', 'player': 'player2', 'paddle_position': 0.6749999999999997}
[DEBUG] Mensaje recibido: {"action":"move_paddle","room_id":"0f697ea5-7f96-4203-85e2-dd629031d5ff","player":"player2","paddle_position":0.7499999999999998}
[DEBUG] Enviando actualización de paleta: {'type': 'update_paddle', 'player': 'player2', 'paddle_position': 0.7499999999999998}
[DEBUG] Enviando actualización de paleta: {'type': 'update_paddle', 'player': 'player2', 'paddle_position': 0.7499999999999998}
[DEBUG] Mensaje recibido: {"action":"move_paddle","room_id":"0f697ea5-7f96-4203-85e2-dd629031d5ff","player":"player2","paddle_position":0.8249999999999998}
[DEBUG] Enviando actualización de paleta: {'type': 'update_paddle', 'player': 'player2', 'paddle_position': 0.8249999999999998}
[DEBUG] Enviando actualización de paleta: {'type': 'update_paddle', 'player': 'player2', 'paddle_position': 0.8249999999999998}
[DEBUG] Mensaje recibido: {"action":"move_paddle","room_id":"0f697ea5-7f96-4203-85e2-dd629031d5ff","player":"player2","paddle_position":0.8499999999999999}
[DEBUG] Enviando actualización de paleta: {'type': 'update_paddle', 'player': 'player2', 'paddle_position': 0.8499999999999999}
[DEBUG] Enviando actualización de paleta: {'type': 'update_paddle', 'player': 'player2', 'paddle_position': 0.8499999999999999}
[DEBUG] Mensaje recibido: {"action":"move_paddle","room_id":"0f697ea5-7f96-4203-85e2-dd629031d5ff","player":"player2","paddle_position":0.7749999999999998}
[DEBUG] Enviando actualización de paleta: {'type': 'update_paddle', 'player': 'player2', 'paddle_position': 0.7749999999999998}
[DEBUG] Enviando actualización de paleta: {'type': 'update_paddle', 'player': 'player2', 'paddle_position': 0.7749999999999998}
[DEBUG] Mensaje recibido: {"action":"move_paddle","room_id":"0f697ea5-7f96-4203-85e2-dd629031d5ff","player":"player2","paddle_position":0.6999999999999997}
[DEBUG] Enviando actualización de paleta: {'type': 'update_paddle', 'player': 'player2', 'paddle_position': 0.6999999999999997}
[DEBUG] Enviando actualización de paleta: {'type': 'update_paddle', 'player': 'player2', 'paddle_position': 0.6999999999999997}
[DEBUG] Mensaje recibido: {"action":"move_paddle","room_id":"0f697ea5-7f96-4203-85e2-dd629031d5ff","player":"player2","paddle_position":0.6249999999999997}
[DEBUG] Enviando actualización de paleta: {'type': 'update_paddle', 'player': 'player2', 'paddle_position': 0.6249999999999997}
[DEBUG] Enviando actualización de paleta: {'type': 'update_paddle', 'player': 'player2', 'paddle_position': 0.6249999999999997}
[DEBUG] Mensaje recibido: {"action":"move_paddle","room_id":"0f697ea5-7f96-4203-85e2-dd629031d5ff","player":"player2","paddle_position":0.5499999999999996}
[DEBUG] Enviando actualización de paleta: {'type': 'update_paddle', 'player': 'player2', 'paddle_position': 0.5499999999999996}
[DEBUG] Enviando actualización de paleta: {'type': 'update_paddle', 'player': 'player2', 'paddle_position': 0.5499999999999996}
[DEBUG] Mensaje recibido: {"action":"move_paddle","room_id":"0f697ea5-7f96-4203-85e2-dd629031d5ff","player":"player2","paddle_position":0.47499999999999953}
[DEBUG] Enviando actualización de paleta: {'type': 'update_paddle', 'player': 'player2', 'paddle_position': 0.47499999999999953}
[DEBUG] Enviando actualización de paleta: {'type': 'update_paddle', 'player': 'player2', 'paddle_position': 0.47499999999999953}
[DEBUG] Mensaje recibido: {"action":"move_paddle","room_id":"0f697ea5-7f96-4203-85e2-dd629031d5ff","player":"player2","paddle_position":0.39999999999999947}
[DEBUG] Enviando actualización de paleta: {'type': 'update_paddle', 'player': 'player2', 'paddle_position': 0.39999999999999947}
[DEBUG] Enviando actualización de paleta: {'type': 'update_paddle', 'player': 'player2', 'paddle_position': 0.39999999999999947}
[DEBUG] Mensaje recibido: {"action":"move_paddle","room_id":"0f697ea5-7f96-4203-85e2-dd629031d5ff","player":"player2","paddle_position":0.3249999999999994}
[DEBUG] Enviando actualización de paleta: {'type': 'update_paddle', 'player': 'player2', 'paddle_position': 0.3249999999999994}
[DEBUG] Enviando actualización de paleta: {'type': 'update_paddle', 'player': 'player2', 'paddle_position': 0.3249999999999994}
[DEBUG] Mensaje recibido: {"action":"move_paddle","room_id":"0f697ea5-7f96-4203-85e2-dd629031d5ff","player":"player2","paddle_position":0.24999999999999936}
[DEBUG] Enviando actualización de paleta: {'type': 'update_paddle', 'player': 'player2', 'paddle_position': 0.24999999999999936}
[DEBUG] Enviando actualización de paleta: {'type': 'update_paddle', 'player': 'player2', 'paddle_position': 0.24999999999999936}
[DEBUG] Mensaje recibido: {"action":"move_paddle","room_id":"0f697ea5-7f96-4203-85e2-dd629031d5ff","player":"player2","paddle_position":0.17499999999999938}
[DEBUG] Enviando actualización de paleta: {'type': 'update_paddle', 'player': 'player2', 'paddle_position': 0.17499999999999938}
[DEBUG] Enviando actualización de paleta: {'type': 'update_paddle', 'player': 'player2', 'paddle_position': 0.17499999999999938}
[DEBUG] Mensaje recibido: {"action":"move_paddle","room_id":"0f697ea5-7f96-4203-85e2-dd629031d5ff","player":"player2","paddle_position":0.0999999999999994}
[DEBUG] Enviando actualización de paleta: {'type': 'update_paddle', 'player': 'player2', 'paddle_position': 0.0999999999999994}
[DEBUG] Enviando actualización de paleta: {'type': 'update_paddle', 'player': 'player2', 'paddle_position': 0.0999999999999994}
[DEBUG] Mensaje recibido: {"action":"move_paddle","room_id":"0f697ea5-7f96-4203-85e2-dd629031d5ff","player":"player2","paddle_position":0.0999999999999994}
[DEBUG] Enviando actualización de paleta: {'type': 'update_paddle', 'player': 'player2', 'paddle_position': 0.0999999999999994}
[DEBUG] Enviando actualización de paleta: {'type': 'update_paddle', 'player': 'player2', 'paddle_position': 0.0999999999999994}
[DEBUG] Mensaje recibido: {"action":"move_paddle","room_id":"0f697ea5-7f96-4203-85e2-dd629031d5ff","player":"player2","paddle_position":0.17499999999999938}
[DEBUG] Enviando actualización de paleta: {'type': 'update_paddle', 'player': 'player2', 'paddle_position': 0.17499999999999938}
[DEBUG] Enviando actualización de paleta: {'type': 'update_paddle', 'player': 'player2', 'paddle_position': 0.17499999999999938}
[DEBUG] Mensaje recibido: {"action":"move_paddle","room_id":"0f697ea5-7f96-4203-85e2-dd629031d5ff","player":"player2","paddle_position":0.24999999999999936}
[DEBUG] Enviando actualización de paleta: {'type': 'update_paddle', 'player': 'player2', 'paddle_position': 0.24999999999999936}
[DEBUG] Enviando actualización de paleta: {'type': 'update_paddle', 'player': 'player2', 'paddle_position': 0.24999999999999936}
[DEBUG] Mensaje recibido: {"action":"move_paddle","room_id":"0f697ea5-7f96-4203-85e2-dd629031d5ff","player":"player2","paddle_position":0.3249999999999994}
[DEBUG] Enviando actualización de paleta: {'type': 'update_paddle', 'player': 'player2', 'paddle_position': 0.3249999999999994}
[DEBUG] Enviando actualización de paleta: {'type': 'update_paddle', 'player': 'player2', 'paddle_position': 0.3249999999999994}
[DEBUG] Mensaje recibido: {"action":"move_paddle","room_id":"0f697ea5-7f96-4203-85e2-dd629031d5ff","player":"player2","paddle_position":0.39999999999999947}
[DEBUG] Enviando actualización de paleta: {'type': 'update_paddle', 'player': 'player2', 'paddle_position': 0.39999999999999947}
[DEBUG] Enviando actualización de paleta: {'type': 'update_paddle', 'player': 'player2', 'paddle_position': 0.39999999999999947}
[DEBUG] Mensaje recibido: {"action":"move_paddle","room_id":"0f697ea5-7f96-4203-85e2-dd629031d5ff","player":"player2","paddle_position":0.4249999999999995}
[DEBUG] Enviando actualización de paleta: {'type': 'update_paddle', 'player': 'player2', 'paddle_position': 0.4249999999999995}
[DEBUG] Enviando actualización de paleta: {'type': 'update_paddle', 'player': 'player2', 'paddle_position': 0.4249999999999995}
[DEBUG] Mensaje recibido: {"action":"move_paddle","room_id":"0f697ea5-7f96-4203-85e2-dd629031d5ff","player":"player2","paddle_position":0.3499999999999994}
[DEBUG] Enviando actualización de paleta: {'type': 'update_paddle', 'player': 'player2', 'paddle_position': 0.3499999999999994}
[DEBUG] Enviando actualización de paleta: {'type': 'update_paddle', 'player': 'player2', 'paddle_position': 0.3499999999999994}
[DEBUG] Mensaje recibido: {"action":"move_paddle","room_id":"0f697ea5-7f96-4203-85e2-dd629031d5ff","player":"player2","paddle_position":0.2999999999999994}
[DEBUG] Enviando actualización de paleta: {'type': 'update_paddle', 'player': 'player2', 'paddle_position': 0.2999999999999994}
[DEBUG] Enviando actualización de paleta: {'type': 'update_paddle', 'player': 'player2', 'paddle_position': 0.2999999999999994}
[DEBUG] Mensaje recibido: {"action":"move_paddle","room_id":"0f697ea5-7f96-4203-85e2-dd629031d5ff","player":"player2","paddle_position":0.3499999999999994}
[DEBUG] Enviando actualización de paleta: {'type': 'update_paddle', 'player': 'player2', 'paddle_position': 0.3499999999999994}
[DEBUG] Enviando actualización de paleta: {'type': 'update_paddle', 'player': 'player2', 'paddle_position': 0.3499999999999994}
[DEBUG] Mensaje recibido: {"action":"move_paddle","room_id":"0f697ea5-7f96-4203-85e2-dd629031d5ff","player":"player2","paddle_position":0.4249999999999995}
[DEBUG] Enviando actualización de paleta: {'type': 'update_paddle', 'player': 'player2', 'paddle_position': 0.4249999999999995}
[DEBUG] Enviando actualización de paleta: {'type': 'update_paddle', 'player': 'player2', 'paddle_position': 0.4249999999999995}
[DEBUG] Mensaje recibido: {"action":"move_paddle","room_id":"0f697ea5-7f96-4203-85e2-dd629031d5ff","player":"player2","paddle_position":0.49999999999999956}
[DEBUG] Enviando actualización de paleta: {'type': 'update_paddle', 'player': 'player2', 'paddle_position': 0.49999999999999956}
[DEBUG] Enviando actualización de paleta: {'type': 'update_paddle', 'player': 'player2', 'paddle_position': 0.49999999999999956}
[DEBUG] Mensaje recibido: {"action":"move_paddle","room_id":"0f697ea5-7f96-4203-85e2-dd629031d5ff","player":"player2","paddle_position":0.5249999999999996}
[DEBUG] Enviando actualización de paleta: {'type': 'update_paddle', 'player': 'player2', 'paddle_position': 0.5249999999999996}
[DEBUG] Enviando actualización de paleta: {'type': 'update_paddle', 'player': 'player2', 'paddle_position': 0.5249999999999996}
[DEBUG] Mensaje recibido: {"action":"move_paddle","room_id":"0f697ea5-7f96-4203-85e2-dd629031d5ff","player":"player2","paddle_position":0.5499999999999996}
[DEBUG] Enviando actualización de paleta: {'type': 'update_paddle', 'player': 'player2', 'paddle_position': 0.5499999999999996}
[DEBUG] Enviando actualización de paleta: {'type': 'update_paddle', 'player': 'player2', 'paddle_position': 0.5499999999999996}
[DEBUG] Mensaje recibido: {"action":"move_paddle","room_id":"0f697ea5-7f96-4203-85e2-dd629031d5ff","player":"player2","paddle_position":0.6249999999999997}
[DEBUG] Enviando actualización de paleta: {'type': 'update_paddle', 'player': 'player2', 'paddle_position': 0.6249999999999997}
[DEBUG] Enviando actualización de paleta: {'type': 'update_paddle', 'player': 'player2', 'paddle_position': 0.6249999999999997}
[DEBUG] Mensaje recibido: {"action":"move_paddle","room_id":"0f697ea5-7f96-4203-85e2-dd629031d5ff","player":"player2","paddle_position":0.5749999999999996}
[DEBUG] Enviando actualización de paleta: {'type': 'update_paddle', 'player': 'player2', 'paddle_position': 0.5749999999999996}
[DEBUG] Enviando actualización de paleta: {'type': 'update_paddle', 'player': 'player2', 'paddle_position': 0.5749999999999996}
[DEBUG] Mensaje recibido: {"action":"move_paddle","room_id":"0f697ea5-7f96-4203-85e2-dd629031d5ff","player":"player2","paddle_position":0.49999999999999956}
[DEBUG] Enviando actualización de paleta: {'type': 'update_paddle', 'player': 'player2', 'paddle_position': 0.49999999999999956}
[DEBUG] Enviando actualización de paleta: {'type': 'update_paddle', 'player': 'player2', 'paddle_position': 0.49999999999999956}
[DEBUG] Mensaje recibido: {"action":"move_paddle","room_id":"0f697ea5-7f96-4203-85e2-dd629031d5ff","player":"player2","paddle_position":0.4249999999999995}
[DEBUG] Enviando actualización de paleta: {'type': 'update_paddle', 'player': 'player2', 'paddle_position': 0.4249999999999995}
[DEBUG] Enviando actualización de paleta: {'type': 'update_paddle', 'player': 'player2', 'paddle_position': 0.4249999999999995}
[DEBUG] Mensaje recibido: {"action":"move_paddle","room_id":"0f697ea5-7f96-4203-85e2-dd629031d5ff","player":"player2","paddle_position":0.3499999999999994}
[DEBUG] Enviando actualización de paleta: {'type': 'update_paddle', 'player': 'player2', 'paddle_position': 0.3499999999999994}
[DEBUG] Enviando actualización de paleta: {'type': 'update_paddle', 'player': 'player2', 'paddle_position': 0.3499999999999994}
[DEBUG] Mensaje recibido: {"action":"move_paddle","room_id":"0f697ea5-7f96-4203-85e2-dd629031d5ff","player":"player2","paddle_position":0.27499999999999936}
[DEBUG] Enviando actualización de paleta: {'type': 'update_paddle', 'player': 'player2', 'paddle_position': 0.27499999999999936}
[DEBUG] Enviando actualización de paleta: {'type': 'update_paddle', 'player': 'player2', 'paddle_position': 0.27499999999999936}
[DEBUG] Mensaje recibido: {"action":"move_paddle","room_id":"0f697ea5-7f96-4203-85e2-dd629031d5ff","player":"player2","paddle_position":0.19999999999999937}
[DEBUG] Enviando actualización de paleta: {'type': 'update_paddle', 'player': 'player2', 'paddle_position': 0.19999999999999937}
[DEBUG] Enviando actualización de paleta: {'type': 'update_paddle', 'player': 'player2', 'paddle_position': 0.19999999999999937}
[DEBUG] Mensaje recibido: {"action":"move_paddle","room_id":"0f697ea5-7f96-4203-85e2-dd629031d5ff","player":"player2","paddle_position":0.12499999999999939}
[DEBUG] Enviando actualización de paleta: {'type': 'update_paddle', 'player': 'player2', 'paddle_position': 0.12499999999999939}
[DEBUG] Enviando actualización de paleta: {'type': 'update_paddle', 'player': 'player2', 'paddle_position': 0.12499999999999939}
[DEBUG] Mensaje recibido: {"action":"move_paddle","room_id":"0f697ea5-7f96-4203-85e2-dd629031d5ff","player":"player2","paddle_position":0.0499999999999994}
[DEBUG] Enviando actualización de paleta: {'type': 'update_paddle', 'player': 'player2', 'paddle_position': 0.0499999999999994}
[DEBUG] Enviando actualización de paleta: {'type': 'update_paddle', 'player': 'player2', 'paddle_position': 0.0499999999999994}
[DEBUG] Mensaje recibido: {"action":"move_paddle","room_id":"0f697ea5-7f96-4203-85e2-dd629031d5ff","player":"player2","paddle_position":0}
[DEBUG] Enviando actualización de paleta: {'type': 'update_paddle', 'player': 'player2', 'paddle_position': 0}
[DEBUG] Enviando actualización de paleta: {'type': 'update_paddle', 'player': 'player2', 'paddle_position': 0}
[DEBUG] Mensaje recibido: {"action":"move_paddle","room_id":"0f697ea5-7f96-4203-85e2-dd629031d5ff","player":"player2","paddle_position":0}
[DEBUG] Enviando actualización de paleta: {'type': 'update_paddle', 'player': 'player2', 'paddle_position': 0}
[DEBUG] Enviando actualización de paleta: {'type': 'update_paddle', 'player': 'player2', 'paddle_position': 0}
[DEBUG] Mensaje recibido: {"action":"move_paddle","room_id":"0f697ea5-7f96-4203-85e2-dd629031d5ff","player":"player2","paddle_position":0.025}
[DEBUG] Enviando actualización de paleta: {'type': 'update_paddle', 'player': 'player2', 'paddle_position': 0.025}
[DEBUG] Enviando actualización de paleta: {'type': 'update_paddle', 'player': 'player2', 'paddle_position': 0.025}
[DEBUG] Mensaje recibido: {"action":"move_paddle","room_id":"0f697ea5-7f96-4203-85e2-dd629031d5ff","player":"player2","paddle_position":0.1}
[DEBUG] Enviando actualización de paleta: {'type': 'update_paddle', 'player': 'player2', 'paddle_position': 0.1}
[DEBUG] Enviando actualización de paleta: {'type': 'update_paddle', 'player': 'player2', 'paddle_position': 0.1}
[DEBUG] Mensaje recibido: {"action":"move_paddle","room_id":"0f697ea5-7f96-4203-85e2-dd629031d5ff","player":"player2","paddle_position":0.175}
[DEBUG] Enviando actualización de paleta: {'type': 'update_paddle', 'player': 'player2', 'paddle_position': 0.175}
[DEBUG] Enviando actualización de paleta: {'type': 'update_paddle', 'player': 'player2', 'paddle_position': 0.175}
[DEBUG] Mensaje recibido: {"action":"move_paddle","room_id":"0f697ea5-7f96-4203-85e2-dd629031d5ff","player":"player2","paddle_position":0.24999999999999997}
[DEBUG] Enviando actualización de paleta: {'type': 'update_paddle', 'player': 'player2', 'paddle_position': 0.24999999999999997}
[DEBUG] Enviando actualización de paleta: {'type': 'update_paddle', 'player': 'player2', 'paddle_position': 0.24999999999999997}
[DEBUG] Mensaje recibido: {"action":"move_paddle","room_id":"0f697ea5-7f96-4203-85e2-dd629031d5ff","player":"player2","paddle_position":0.325}
[DEBUG] Enviando actualización de paleta: {'type': 'update_paddle', 'player': 'player2', 'paddle_position': 0.325}
[DEBUG] Enviando actualización de paleta: {'type': 'update_paddle', 'player': 'player2', 'paddle_position': 0.325}
[DEBUG] Mensaje recibido: {"action":"move_paddle","room_id":"0f697ea5-7f96-4203-85e2-dd629031d5ff","player":"player2","paddle_position":0.4000000000000001}
[DEBUG] Enviando actualización de paleta: {'type': 'update_paddle', 'player': 'player2', 'paddle_position': 0.4000000000000001}
[DEBUG] Enviando actualización de paleta: {'type': 'update_paddle', 'player': 'player2', 'paddle_position': 0.4000000000000001}
[DEBUG] Mensaje recibido: {"action":"move_paddle","room_id":"0f697ea5-7f96-4203-85e2-dd629031d5ff","player":"player2","paddle_position":0.47500000000000014}
[DEBUG] Enviando actualización de paleta: {'type': 'update_paddle', 'player': 'player2', 'paddle_position': 0.47500000000000014}
[DEBUG] Enviando actualización de paleta: {'type': 'update_paddle', 'player': 'player2', 'paddle_position': 0.47500000000000014}
[DEBUG] Mensaje recibido: {"action":"move_paddle","room_id":"0f697ea5-7f96-4203-85e2-dd629031d5ff","player":"player2","paddle_position":0.5500000000000002}
[DEBUG] Enviando actualización de paleta: {'type': 'update_paddle', 'player': 'player2', 'paddle_position': 0.5500000000000002}
[DEBUG] Enviando actualización de paleta: {'type': 'update_paddle', 'player': 'player2', 'paddle_position': 0.5500000000000002}
[DEBUG] Mensaje recibido: {"action":"move_paddle","room_id":"0f697ea5-7f96-4203-85e2-dd629031d5ff","player":"player2","paddle_position":0.6250000000000002}
[DEBUG] Enviando actualización de paleta: {'type': 'update_paddle', 'player': 'player2', 'paddle_position': 0.6250000000000002}
[DEBUG] Enviando actualización de paleta: {'type': 'update_paddle', 'player': 'player2', 'paddle_position': 0.6250000000000002}
[DEBUG] Mensaje recibido: {"action":"move_paddle","room_id":"0f697ea5-7f96-4203-85e2-dd629031d5ff","player":"player2","paddle_position":0.7000000000000003}
[DEBUG] Enviando actualización de paleta: {'type': 'update_paddle', 'player': 'player2', 'paddle_position': 0.7000000000000003}
[DEBUG] Enviando actualización de paleta: {'type': 'update_paddle', 'player': 'player2', 'paddle_position': 0.7000000000000003}
[DEBUG] Mensaje recibido: {"action":"move_paddle","room_id":"0f697ea5-7f96-4203-85e2-dd629031d5ff","player":"player2","paddle_position":0.7750000000000004}
[DEBUG] Enviando actualización de paleta: {'type': 'update_paddle', 'player': 'player2', 'paddle_position': 0.7750000000000004}
[DEBUG] Enviando actualización de paleta: {'type': 'update_paddle', 'player': 'player2', 'paddle_position': 0.7750000000000004}
[DEBUG] Mensaje recibido: {"action":"move_paddle","room_id":"0f697ea5-7f96-4203-85e2-dd629031d5ff","player":"player2","paddle_position":0.8500000000000004}
[DEBUG] Enviando actualización de paleta: {'type': 'update_paddle', 'player': 'player2', 'paddle_position': 0.8500000000000004}
[DEBUG] Enviando actualización de paleta: {'type': 'update_paddle', 'player': 'player2', 'paddle_position': 0.8500000000000004}
[DEBUG] Mensaje recibido: {"action":"move_paddle","room_id":"0f697ea5-7f96-4203-85e2-dd629031d5ff","player":"player2","paddle_position":0.9250000000000005}
[DEBUG] Enviando actualización de paleta: {'type': 'update_paddle', 'player': 'player2', 'paddle_position': 0.9250000000000005}
[DEBUG] Enviando actualización de paleta: {'type': 'update_paddle', 'player': 'player2', 'paddle_position': 0.9250000000000005}
[DEBUG] Mensaje recibido: {"action":"move_paddle","room_id":"0f697ea5-7f96-4203-85e2-dd629031d5ff","player":"player2","paddle_position":1}
[DEBUG] Enviando actualización de paleta: {'type': 'update_paddle', 'player': 'player2', 'paddle_position': 1}
[DEBUG] Enviando actualización de paleta: {'type': 'update_paddle', 'player': 'player2', 'paddle_position': 1}
[DEBUG] Mensaje recibido: {"action":"move_paddle","room_id":"0f697ea5-7f96-4203-85e2-dd629031d5ff","player":"player2","paddle_position":1}
[DEBUG] Enviando actualización de paleta: {'type': 'update_paddle', 'player': 'player2', 'paddle_position': 1}
[DEBUG] Enviando actualización de paleta: {'type': 'update_paddle', 'player': 'player2', 'paddle_position': 1}
[DEBUG] Mensaje recibido: {"action":"move_paddle","room_id":"0f697ea5-7f96-4203-85e2-dd629031d5ff","player":"player2","paddle_position":1}
[DEBUG] Enviando actualización de paleta: {'type': 'update_paddle', 'player': 'player2', 'paddle_position': 1}
[DEBUG] Enviando actualización de paleta: {'type': 'update_paddle', 'player': 'player2', 'paddle_position': 1}
[DEBUG] Mensaje recibido: {"action":"move_paddle","room_id":"0f697ea5-7f96-4203-85e2-dd629031d5ff","player":"player2","paddle_position":0.975}
[DEBUG] Enviando actualización de paleta: {'type': 'update_paddle', 'player': 'player2', 'paddle_position': 0.975}
[DEBUG] Enviando actualización de paleta: {'type': 'update_paddle', 'player': 'player2', 'paddle_position': 0.975}
[DEBUG] Mensaje recibido: {"action":"move_paddle","room_id":"0f697ea5-7f96-4203-85e2-dd629031d5ff","player":"player2","paddle_position":0.8999999999999999}
[DEBUG] Enviando actualización de paleta: {'type': 'update_paddle', 'player': 'player2', 'paddle_position': 0.8999999999999999}
[DEBUG] Enviando actualización de paleta: {'type': 'update_paddle', 'player': 'player2', 'paddle_position': 0.8999999999999999}
[DEBUG] Mensaje recibido: {"action":"move_paddle","room_id":"0f697ea5-7f96-4203-85e2-dd629031d5ff","player":"player2","paddle_position":0.8249999999999998}
[DEBUG] Enviando actualización de paleta: {'type': 'update_paddle', 'player': 'player2', 'paddle_position': 0.8249999999999998}
[DEBUG] Enviando actualización de paleta: {'type': 'update_paddle', 'player': 'player2', 'paddle_position': 0.8249999999999998}
[DEBUG] Mensaje recibido: {"action":"move_paddle","room_id":"0f697ea5-7f96-4203-85e2-dd629031d5ff","player":"player2","paddle_position":0.7499999999999998}
[DEBUG] Enviando actualización de paleta: {'type': 'update_paddle', 'player': 'player2', 'paddle_position': 0.7499999999999998}
[DEBUG] Enviando actualización de paleta: {'type': 'update_paddle', 'player': 'player2', 'paddle_position': 0.7499999999999998}
[DEBUG] Mensaje recibido: {"action":"move_paddle","room_id":"0f697ea5-7f96-4203-85e2-dd629031d5ff","player":"player2","paddle_position":0.6749999999999997}
[DEBUG] Enviando actualización de paleta: {'type': 'update_paddle', 'player': 'player2', 'paddle_position': 0.6749999999999997}
[DEBUG] Enviando actualización de paleta: {'type': 'update_paddle', 'player': 'player2', 'paddle_position': 0.6749999999999997}
[DEBUG] Mensaje recibido: {"action":"move_paddle","room_id":"0f697ea5-7f96-4203-85e2-dd629031d5ff","player":"player2","paddle_position":0.5999999999999996}
[DEBUG] Enviando actualización de paleta: {'type': 'update_paddle', 'player': 'player2', 'paddle_position': 0.5999999999999996}
[DEBUG] Enviando actualización de paleta: {'type': 'update_paddle', 'player': 'player2', 'paddle_position': 0.5999999999999996}
[DEBUG] Mensaje recibido: {"action":"move_paddle","room_id":"0f697ea5-7f96-4203-85e2-dd629031d5ff","player":"player2","paddle_position":0.5249999999999996}
[DEBUG] Enviando actualización de paleta: {'type': 'update_paddle', 'player': 'player2', 'paddle_position': 0.5249999999999996}
[DEBUG] Enviando actualización de paleta: {'type': 'update_paddle', 'player': 'player2', 'paddle_position': 0.5249999999999996}
[DEBUG] Mensaje recibido: {"action":"move_paddle","room_id":"0f697ea5-7f96-4203-85e2-dd629031d5ff","player":"player2","paddle_position":0.5249999999999996}
[DEBUG] Enviando actualización de paleta: {'type': 'update_paddle', 'player': 'player2', 'paddle_position': 0.5249999999999996}
[DEBUG] Enviando actualización de paleta: {'type': 'update_paddle', 'player': 'player2', 'paddle_position': 0.5249999999999996}
[DEBUG] Mensaje recibido: {"action":"move_paddle","room_id":"0f697ea5-7f96-4203-85e2-dd629031d5ff","player":"player2","paddle_position":0.5999999999999996}
[DEBUG] Enviando actualización de paleta: {'type': 'update_paddle', 'player': 'player2', 'paddle_position': 0.5999999999999996}
[DEBUG] Enviando actualización de paleta: {'type': 'update_paddle', 'player': 'player2', 'paddle_position': 0.5999999999999996}
[DEBUG] Mensaje recibido: {"action":"move_paddle","room_id":"0f697ea5-7f96-4203-85e2-dd629031d5ff","player":"player2","paddle_position":0.6749999999999997}
[DEBUG] Enviando actualización de paleta: {'type': 'update_paddle', 'player': 'player2', 'paddle_position': 0.6749999999999997}
[DEBUG] Enviando actualización de paleta: {'type': 'update_paddle', 'player': 'player2', 'paddle_position': 0.6749999999999997}
[DEBUG] Mensaje recibido: {"action":"move_paddle","room_id":"0f697ea5-7f96-4203-85e2-dd629031d5ff","player":"player2","paddle_position":0.7499999999999998}
[DEBUG] Enviando actualización de paleta: {'type': 'update_paddle', 'player': 'player2', 'paddle_position': 0.7499999999999998}
[DEBUG] Enviando actualización de paleta: {'type': 'update_paddle', 'player': 'player2', 'paddle_position': 0.7499999999999998}
[DEBUG] Mensaje recibido: {"action":"move_paddle","room_id":"0f697ea5-7f96-4203-85e2-dd629031d5ff","player":"player2","paddle_position":0.7249999999999998}
[DEBUG] Enviando actualización de paleta: {'type': 'update_paddle', 'player': 'player2', 'paddle_position': 0.7249999999999998}
[DEBUG] Enviando actualización de paleta: {'type': 'update_paddle', 'player': 'player2', 'paddle_position': 0.7249999999999998}
[DEBUG] Mensaje recibido: {"action":"move_paddle","room_id":"0f697ea5-7f96-4203-85e2-dd629031d5ff","player":"player2","paddle_position":0.6499999999999997}
[DEBUG] Enviando actualización de paleta: {'type': 'update_paddle', 'player': 'player2', 'paddle_position': 0.6499999999999997}
[DEBUG] Enviando actualización de paleta: {'type': 'update_paddle', 'player': 'player2', 'paddle_position': 0.6499999999999997}
[DEBUG] Mensaje recibido: {"action":"move_paddle","room_id":"0f697ea5-7f96-4203-85e2-dd629031d5ff","player":"player2","paddle_position":0.5749999999999996}
[DEBUG] Enviando actualización de paleta: {'type': 'update_paddle', 'player': 'player2', 'paddle_position': 0.5749999999999996}
[DEBUG] Enviando actualización de paleta: {'type': 'update_paddle', 'player': 'player2', 'paddle_position': 0.5749999999999996}
[DEBUG] Mensaje recibido: {"action":"move_paddle","room_id":"0f697ea5-7f96-4203-85e2-dd629031d5ff","player":"player2","paddle_position":0.5999999999999996}
[DEBUG] Enviando actualización de paleta: {'type': 'update_paddle', 'player': 'player2', 'paddle_position': 0.5999999999999996}
[DEBUG] Enviando actualización de paleta: {'type': 'update_paddle', 'player': 'player2', 'paddle_position': 0.5999999999999996}
[DEBUG] Mensaje recibido: {"action":"move_paddle","room_id":"0f697ea5-7f96-4203-85e2-dd629031d5ff","player":"player2","paddle_position":0.6749999999999997}
[DEBUG] Enviando actualización de paleta: {'type': 'update_paddle', 'player': 'player2', 'paddle_position': 0.6749999999999997}
[DEBUG] Enviando actualización de paleta: {'type': 'update_paddle', 'player': 'player2', 'paddle_position': 0.6749999999999997}
[DEBUG] Mensaje recibido: {"action":"move_paddle","room_id":"0f697ea5-7f96-4203-85e2-dd629031d5ff","player":"player2","paddle_position":0.7499999999999998}
[DEBUG] Enviando actualización de paleta: {'type': 'update_paddle', 'player': 'player2', 'paddle_position': 0.7499999999999998}
[DEBUG] Enviando actualización de paleta: {'type': 'update_paddle', 'player': 'player2', 'paddle_position': 0.7499999999999998}
[DEBUG] Mensaje recibido: {"action":"move_paddle","room_id":"0f697ea5-7f96-4203-85e2-dd629031d5ff","player":"player2","paddle_position":0.7749999999999998}
[DEBUG] Enviando actualización de paleta: {'type': 'update_paddle', 'player': 'player2', 'paddle_position': 0.7749999999999998}
[DEBUG] Enviando actualización de paleta: {'type': 'update_paddle', 'player': 'player2', 'paddle_position': 0.7749999999999998}
[DEBUG] Mensaje recibido: {"action":"move_paddle","room_id":"0f697ea5-7f96-4203-85e2-dd629031d5ff","player":"player2","paddle_position":0.6999999999999997}
[DEBUG] Enviando actualización de paleta: {'type': 'update_paddle', 'player': 'player2', 'paddle_position': 0.6999999999999997}
[DEBUG] Enviando actualización de paleta: {'type': 'update_paddle', 'player': 'player2', 'paddle_position': 0.6999999999999997}
[DEBUG] Mensaje recibido: {"action":"move_paddle","room_id":"0f697ea5-7f96-4203-85e2-dd629031d5ff","player":"player2","paddle_position":0.6249999999999997}
[DEBUG] Enviando actualización de paleta: {'type': 'update_paddle', 'player': 'player2', 'paddle_position': 0.6249999999999997}
[DEBUG] Enviando actualización de paleta: {'type': 'update_paddle', 'player': 'player2', 'paddle_position': 0.6249999999999997}
[DEBUG] Mensaje recibido: {"action":"move_paddle","room_id":"0f697ea5-7f96-4203-85e2-dd629031d5ff","player":"player2","paddle_position":0.5499999999999996}
[DEBUG] Enviando actualización de paleta: {'type': 'update_paddle', 'player': 'player2', 'paddle_position': 0.5499999999999996}
[DEBUG] Enviando actualización de paleta: {'type': 'update_paddle', 'player': 'player2', 'paddle_position': 0.5499999999999996}
[DEBUG] Mensaje recibido: {"action":"move_paddle","room_id":"0f697ea5-7f96-4203-85e2-dd629031d5ff","player":"player2","paddle_position":0.47499999999999953}
[DEBUG] Enviando actualización de paleta: {'type': 'update_paddle', 'player': 'player2', 'paddle_position': 0.47499999999999953}
[DEBUG] Enviando actualización de paleta: {'type': 'update_paddle', 'player': 'player2', 'paddle_position': 0.47499999999999953}
[DEBUG] Mensaje recibido: {"action":"move_paddle","room_id":"0f697ea5-7f96-4203-85e2-dd629031d5ff","player":"player2","paddle_position":0.39999999999999947}
[DEBUG] Enviando actualización de paleta: {'type': 'update_paddle', 'player': 'player2', 'paddle_position': 0.39999999999999947}
[DEBUG] Enviando actualización de paleta: {'type': 'update_paddle', 'player': 'player2', 'paddle_position': 0.39999999999999947}
[DEBUG] Mensaje recibido: {"action":"move_paddle","room_id":"0f697ea5-7f96-4203-85e2-dd629031d5ff","player":"player2","paddle_position":0.3249999999999994}
[DEBUG] Enviando actualización de paleta: {'type': 'update_paddle', 'player': 'player2', 'paddle_position': 0.3249999999999994}
[DEBUG] Enviando actualización de paleta: {'type': 'update_paddle', 'player': 'player2', 'paddle_position': 0.3249999999999994}
[DEBUG] Mensaje recibido: {"action":"move_paddle","room_id":"0f697ea5-7f96-4203-85e2-dd629031d5ff","player":"player2","paddle_position":0.24999999999999936}
[DEBUG] Enviando actualización de paleta: {'type': 'update_paddle', 'player': 'player2', 'paddle_position': 0.24999999999999936}
[DEBUG] Enviando actualización de paleta: {'type': 'update_paddle', 'player': 'player2', 'paddle_position': 0.24999999999999936}
[DEBUG] Mensaje recibido: {"action":"move_paddle","room_id":"0f697ea5-7f96-4203-85e2-dd629031d5ff","player":"player2","paddle_position":0.27499999999999936}
[DEBUG] Enviando actualización de paleta: {'type': 'update_paddle', 'player': 'player2', 'paddle_position': 0.27499999999999936}
[DEBUG] Enviando actualización de paleta: {'type': 'update_paddle', 'player': 'player2', 'paddle_position': 0.27499999999999936}
[DEBUG] Mensaje recibido: {"action":"move_paddle","room_id":"0f697ea5-7f96-4203-85e2-dd629031d5ff","player":"player2","paddle_position":0.3499999999999994}
[DEBUG] Enviando actualización de paleta: {'type': 'update_paddle', 'player': 'player2', 'paddle_position': 0.3499999999999994}
[DEBUG] Enviando actualización de paleta: {'type': 'update_paddle', 'player': 'player2', 'paddle_position': 0.3499999999999994}
[DEBUG] Mensaje recibido: {"action":"move_paddle","room_id":"0f697ea5-7f96-4203-85e2-dd629031d5ff","player":"player2","paddle_position":0.4249999999999995}
[DEBUG] Enviando actualización de paleta: {'type': 'update_paddle', 'player': 'player2', 'paddle_position': 0.4249999999999995}
[DEBUG] Enviando actualización de paleta: {'type': 'update_paddle', 'player': 'player2', 'paddle_position': 0.4249999999999995}
[DEBUG] Mensaje recibido: {"action":"move_paddle","room_id":"0f697ea5-7f96-4203-85e2-dd629031d5ff","player":"player2","paddle_position":0.49999999999999956}
[DEBUG] Enviando actualización de paleta: {'type': 'update_paddle', 'player': 'player2', 'paddle_position': 0.49999999999999956}
[DEBUG] Enviando actualización de paleta: {'type': 'update_paddle', 'player': 'player2', 'paddle_position': 0.49999999999999956}
[DEBUG] Mensaje recibido: {"action":"move_paddle","room_id":"0f697ea5-7f96-4203-85e2-dd629031d5ff","player":"player2","paddle_position":0.5749999999999996}
[DEBUG] Enviando actualización de paleta: {'type': 'update_paddle', 'player': 'player2', 'paddle_position': 0.5749999999999996}
[DEBUG] Enviando actualización de paleta: {'type': 'update_paddle', 'player': 'player2', 'paddle_position': 0.5749999999999996}
[DEBUG] Mensaje recibido: {"action":"move_paddle","room_id":"0f697ea5-7f96-4203-85e2-dd629031d5ff","player":"player2","paddle_position":0.6499999999999997}
[DEBUG] Enviando actualización de paleta: {'type': 'update_paddle', 'player': 'player2', 'paddle_position': 0.6499999999999997}
[DEBUG] Enviando actualización de paleta: {'type': 'update_paddle', 'player': 'player2', 'paddle_position': 0.6499999999999997}
[DEBUG] Mensaje recibido: {"action":"move_paddle","room_id":"0f697ea5-7f96-4203-85e2-dd629031d5ff","player":"player2","paddle_position":0.7249999999999998}
[DEBUG] Enviando actualización de paleta: {'type': 'update_paddle', 'player': 'player2', 'paddle_position': 0.7249999999999998}
[DEBUG] Enviando actualización de paleta: {'type': 'update_paddle', 'player': 'player2', 'paddle_position': 0.7249999999999998}
[DEBUG] Mensaje recibido: {"action":"move_paddle","room_id":"0f697ea5-7f96-4203-85e2-dd629031d5ff","player":"player2","paddle_position":0.7999999999999998}
[DEBUG] Enviando actualización de paleta: {'type': 'update_paddle', 'player': 'player2', 'paddle_position': 0.7999999999999998}
[DEBUG] Enviando actualización de paleta: {'type': 'update_paddle', 'player': 'player2', 'paddle_position': 0.7999999999999998}
[DEBUG] Mensaje recibido: {"action":"move_paddle","room_id":"0f697ea5-7f96-4203-85e2-dd629031d5ff","player":"player2","paddle_position":0.7749999999999998}
[DEBUG] Enviando actualización de paleta: {'type': 'update_paddle', 'player': 'player2', 'paddle_position': 0.7749999999999998}
[DEBUG] Enviando actualización de paleta: {'type': 'update_paddle', 'player': 'player2', 'paddle_position': 0.7749999999999998}
[DEBUG] Mensaje recibido: {"action":"move_paddle","room_id":"0f697ea5-7f96-4203-85e2-dd629031d5ff","player":"player2","paddle_position":0.6999999999999997}
[DEBUG] Enviando actualización de paleta: {'type': 'update_paddle', 'player': 'player2', 'paddle_position': 0.6999999999999997}
[DEBUG] Enviando actualización de paleta: {'type': 'update_paddle', 'player': 'player2', 'paddle_position': 0.6999999999999997}
[DEBUG] Mensaje recibido: {"action":"move_paddle","room_id":"0f697ea5-7f96-4203-85e2-dd629031d5ff","player":"player2","paddle_position":0.6249999999999997}
[DEBUG] Enviando actualización de paleta: {'type': 'update_paddle', 'player': 'player2', 'paddle_position': 0.6249999999999997}
[DEBUG] Enviando actualización de paleta: {'type': 'update_paddle', 'player': 'player2', 'paddle_position': 0.6249999999999997}
[DEBUG] Mensaje recibido: {"action":"move_paddle","room_id":"0f697ea5-7f96-4203-85e2-dd629031d5ff","player":"player2","paddle_position":0.5999999999999996}
[DEBUG] Enviando actualización de paleta: {'type': 'update_paddle', 'player': 'player2', 'paddle_position': 0.5999999999999996}
[DEBUG] Enviando actualización de paleta: {'type': 'update_paddle', 'player': 'player2', 'paddle_position': 0.5999999999999996}
[DEBUG] Mensaje recibido: {"action":"move_paddle","room_id":"0f697ea5-7f96-4203-85e2-dd629031d5ff","player":"player2","paddle_position":0.6749999999999997}
[DEBUG] Enviando actualización de paleta: {'type': 'update_paddle', 'player': 'player2', 'paddle_position': 0.6749999999999997}
[DEBUG] Enviando actualización de paleta: {'type': 'update_paddle', 'player': 'player2', 'paddle_position': 0.6749999999999997}
[DEBUG] Mensaje recibido: {"action":"move_paddle","room_id":"0f697ea5-7f96-4203-85e2-dd629031d5ff","player":"player2","paddle_position":0.7249999999999998}
[DEBUG] Enviando actualización de paleta: {'type': 'update_paddle', 'player': 'player2', 'paddle_position': 0.7249999999999998}
[DEBUG] Enviando actualización de paleta: {'type': 'update_paddle', 'player': 'player2', 'paddle_position': 0.7249999999999998}
[DEBUG] Mensaje recibido: {"action":"move_paddle","room_id":"0f697ea5-7f96-4203-85e2-dd629031d5ff","player":"player2","paddle_position":0.7999999999999998}
[DEBUG] Enviando actualización de paleta: {'type': 'update_paddle', 'player': 'player2', 'paddle_position': 0.7999999999999998}
[DEBUG] Enviando actualización de paleta: {'type': 'update_paddle', 'player': 'player2', 'paddle_position': 0.7999999999999998}
[DEBUG] Mensaje recibido: {"action":"move_paddle","room_id":"0f697ea5-7f96-4203-85e2-dd629031d5ff","player":"player2","paddle_position":0.8499999999999999}
[DEBUG] Enviando actualización de paleta: {'type': 'update_paddle', 'player': 'player2', 'paddle_position': 0.8499999999999999}
[DEBUG] Enviando actualización de paleta: {'type': 'update_paddle', 'player': 'player2', 'paddle_position': 0.8499999999999999}
[DEBUG] Mensaje recibido: {"action":"game_over","player_id":2,"points_scored":0,"has_won":false}
[DEBUG] Mensaje recibido: {"action":"game_over","player_id":1,"points_scored":5,"has_won":false}[DEBUG] Actualizando estadísticas de 2.

[DEBUG] Estadísticas actualizadas para usuario 2: puntos=0, victoria=False
[DEBUG] Actualizando estadísticas de 1.
[DEBUG] Estadísticas actualizadas para usuario 1: puntos=5, victoria=False
127.0.0.1:33170 - - [11/Mar/2025:13:11:40] "GET /pong/?room_id=0f697ea5-7f96-4203-85e2-dd629031d5ff" 200 10435
127.0.0.1:33204 - - [11/Mar/2025:13:11:40] "WSDISCONNECT /ws/pong/" - -
[DEBUG] Desconexión de jugador 1. Código: 1001
[DEBUG] Jugador 1 ha salido de la sala 0f697ea5-7f96-4203-85e2-dd629031d5ff
[DEBUG] Notificando desconexión del jugador 1
127.0.0.1:33170 - - [11/Mar/2025:13:11:40] "GET /static/js/pong.js" 304 -
127.0.0.1:43468 - - [11/Mar/2025:13:11:40] "GET /static/js/pong-online.js" 304 -
127.0.0.1:43468 - - [11/Mar/2025:13:11:40] "GET /static/favicon.ico" 304 -
127.0.0.1:33144 - - [11/Mar/2025:13:11:40] "GET /pong/?room_id=0f697ea5-7f96-4203-85e2-dd629031d5ff" 200 10408
127.0.0.1:33184 - - [11/Mar/2025:13:11:40] "WSDISCONNECT /ws/pong/" - -
[DEBUG] Desconexión de jugador 2. Código: 1001
[DEBUG] Jugador 2 ha salido de la sala 0f697ea5-7f96-4203-85e2-dd629031d5ff
127.0.0.1:33144 - - [11/Mar/2025:13:11:40] "GET /static/js/pong.js" 304 -
127.0.0.1:43486 - - [11/Mar/2025:13:11:40] "GET /static/js/pong-online.js" 304 -
127.0.0.1:43486 - - [11/Mar/2025:13:11:40] "GET /static/favicon.ico" 304 -
